10:29:16 SA  [main] 	Initializing Control Panel
10:29:16 SA  [main] 	Windows Version:  Enterprise  64-bit
10:29:16 SA  [main] 	XAMPP Version: 7.1.28
10:29:16 SA  [main] 	Control Panel Version: 3.2.3  [ Compiled: Mar 7th 2019 ]
10:29:16 SA  [main] 	You are not running with administrator rights! This will work for
10:29:16 SA  [main] 	most application stuff but whenever you do something with services
10:29:16 SA  [main] 	there will be a security dialogue or things will break! So think 
10:29:16 SA  [main] 	about running this application with administrator rights!
10:29:16 SA  [main] 	XAMPP Installation Directory: "c:\xampp\xampp\"
10:29:16 SA  [main] 	Checking for prerequisites
10:29:17 SA  [main] 	All prerequisites found
10:29:17 SA  [main] 	Initializing Modules
10:29:17 SA  [Apache] 	XAMPP Apache is already running on port 80
10:29:17 SA  [Apache] 	XAMPP Apache is already running on port 443
10:29:17 SA  [mysql] 	XAMPP MySQL is already running on port 3306
10:29:17 SA  [main] 	Starting Check-Timer
10:29:17 SA  [main] 	Control Panel Ready
10:29:21 SA  [mysql] 	Attempting to stop MySQL app...
10:29:21 SA  [mysql] 	Status change detected: stopped
10:29:22 SA  [Apache] 	Attempting to stop Apache (PID: 5320)
10:29:22 SA  [Apache] 	Attempting to stop Apache (PID: 6516)
10:29:22 SA  [Apache] 	Status change detected: stopped
10:29:24 SA  [main] 	Deinitializing Modules
10:29:24 SA  [main] 	Deinitializing Control Panel

1:29:09 CH  [main] 	Initializing Control Panel
1:29:09 CH  [main] 	Windows Version:  Enterprise  64-bit
1:29:09 CH  [main] 	XAMPP Version: 7.1.28
1:29:09 CH  [main] 	Control Panel Version: 3.2.3  [ Compiled: Mar 7th 2019 ]
1:29:09 CH  [main] 	You are not running with administrator rights! This will work for
1:29:09 CH  [main] 	most application stuff but whenever you do something with services
1:29:09 CH  [main] 	there will be a security dialogue or things will break! So think 
1:29:09 CH  [main] 	about running this application with administrator rights!
1:29:09 CH  [main] 	XAMPP Installation Directory: "c:\xampp\xampp\"
1:29:09 CH  [main] 	Checking for prerequisites
1:29:09 CH  [main] 	All prerequisites found
1:29:09 CH  [main] 	Initializing Modules
1:29:09 CH  [main] 	Starting Check-Timer
1:29:09 CH  [main] 	Control Panel Ready
1:29:11 CH  [Apache] 	Attempting to start Apache app...
1:29:11 CH  [Apache] 	Status change detected: running
1:29:17 CH  [mysql] 	Attempting to start MySQL app...
1:29:17 CH  [mysql] 	Status change detected: running
10:34:35 SA  [Apache] 	Attempting to stop Apache (PID: 16080)
10:34:35 SA  [Apache] 	Attempting to stop Apache (PID: 5024)
10:34:35 SA  [Apache] 	Status change detected: stopped
10:34:36 SA  [mysql] 	Attempting to stop MySQL app...
10:34:36 SA  [mysql] 	Status change detected: stopped
10:34:38 SA  [main] 	Deinitializing Modules
10:34:38 SA  [main] 	Deinitializing Control Panel

7:20:40 SA  [main] 	Initializing Control Panel
7:20:40 SA  [main] 	Windows Version:  Enterprise  64-bit
7:20:40 SA  [main] 	XAMPP Version: 7.1.28
7:20:40 SA  [main] 	Control Panel Version: 3.2.3  [ Compiled: Mar 7th 2019 ]
7:20:40 SA  [main] 	You are not running with administrator rights! This will work for
7:20:40 SA  [main] 	most application stuff but whenever you do something with services
7:20:40 SA  [main] 	there will be a security dialogue or things will break! So think 
7:20:40 SA  [main] 	about running this application with administrator rights!
7:20:40 SA  [main] 	XAMPP Installation Directory: "c:\xampp\xampp\"
7:20:40 SA  [main] 	Checking for prerequisites
7:20:41 SA  [main] 	All prerequisites found
7:20:41 SA  [main] 	Initializing Modules
7:20:41 SA  [main] 	Starting Check-Timer
7:20:41 SA  [main] 	Control Panel Ready
7:20:46 SA  [Apache] 	Attempting to start Apache app...
7:20:46 SA  [Apache] 	Status change detected: running
7:20:49 SA  [mysql] 	Attempting to start MySQL app...
7:20:49 SA  [mysql] 	Status change detected: running
12:28:17 CH  [Apache] 	Attempting to stop Apache (PID: 7372)
12:28:17 CH  [Apache] 	Attempting to stop Apache (PID: 9184)
12:28:17 CH  [Apache] 	Status change detected: stopped
12:28:18 CH  [mysql] 	Attempting to stop MySQL app...
12:28:18 CH  [mysql] 	Status change detected: stopped
12:28:20 CH  [main] 	Deinitializing Modules
12:28:20 CH  [main] 	Deinitializing Control Panel

8:13:34 CH  [main] 	Initializing Control Panel
8:13:34 CH  [main] 	Windows Version:  Enterprise  64-bit
8:13:34 CH  [main] 	XAMPP Version: 7.1.28
8:13:34 CH  [main] 	Control Panel Version: 3.2.3  [ Compiled: Mar 7th 2019 ]
8:13:34 CH  [main] 	You are not running with administrator rights! This will work for
8:13:34 CH  [main] 	most application stuff but whenever you do something with services
8:13:34 CH  [main] 	there will be a security dialogue or things will break! So think 
8:13:34 CH  [main] 	about running this application with administrator rights!
8:13:34 CH  [main] 	XAMPP Installation Directory: "c:\xampp\xampp\"
8:13:34 CH  [main] 	Checking for prerequisites
8:13:35 CH  [main] 	All prerequisites found
8:13:35 CH  [main] 	Initializing Modules
8:13:35 CH  [mysql] 	Problem detected!
8:13:35 CH  [mysql] 	Port 3306 in use by "Unable to open process"!
8:13:35 CH  [mysql] 	MySQL WILL NOT start without the configured ports free!
8:13:35 CH  [mysql] 	You need to uninstall/disable/reconfigure the blocking application
8:13:35 CH  [mysql] 	or reconfigure MySQL and the Control Panel to listen on a different port
8:13:35 CH  [main] 	Starting Check-Timer
8:13:35 CH  [main] 	Control Panel Ready
8:13:41 CH  [Apache] 	Attempting to start Apache app...
8:13:41 CH  [Apache] 	Status change detected: running
8:13:49 CH  [mysql] 	Problem detected!
8:13:49 CH  [mysql] 	Port 3306 in use by "Unable to open process"!
8:13:49 CH  [mysql] 	MySQL WILL NOT start without the configured ports free!
8:13:49 CH  [mysql] 	You need to uninstall/disable/reconfigure the blocking application
8:13:49 CH  [mysql] 	or reconfigure MySQL and the Control Panel to listen on a different port
8:13:49 CH  [mysql] 	Attempting to start MySQL app...
8:13:49 CH  [mysql] 	Status change detected: running
8:13:52 CH  [mysql] 	Status change detected: stopped
8:13:52 CH  [mysql] 	Error: MySQL shutdown unexpectedly.
8:13:52 CH  [mysql] 	This may be due to a blocked port, missing dependencies, 
8:13:52 CH  [mysql] 	improper privileges, a crash, or a shutdown by another method.
8:13:52 CH  [mysql] 	Press the Logs button to view error logs and check
8:13:52 CH  [mysql] 	the Windows Event Viewer for more clues
8:13:52 CH  [mysql] 	If you need more help, copy and post this
8:13:52 CH  [mysql] 	entire log window on the forums
8:14:55 CH  [mysql] 	Problem detected!
8:14:55 CH  [mysql] 	Port 3306 in use by "Unable to open process"!
8:14:55 CH  [mysql] 	MySQL WILL NOT start without the configured ports free!
8:14:55 CH  [mysql] 	You need to uninstall/disable/reconfigure the blocking application
8:14:55 CH  [mysql] 	or reconfigure MySQL and the Control Panel to listen on a different port
8:14:55 CH  [mysql] 	Attempting to start MySQL app...
8:14:55 CH  [mysql] 	Status change detected: running
8:14:58 CH  [mysql] 	Status change detected: stopped
8:14:58 CH  [mysql] 	Error: MySQL shutdown unexpectedly.
8:14:58 CH  [mysql] 	This may be due to a blocked port, missing dependencies, 
8:14:58 CH  [mysql] 	improper privileges, a crash, or a shutdown by another method.
8:14:58 CH  [mysql] 	Press the Logs button to view error logs and check
8:14:58 CH  [mysql] 	the Windows Event Viewer for more clues
8:14:58 CH  [mysql] 	If you need more help, copy and post this
8:14:58 CH  [mysql] 	entire log window on the forums
8:15:07 CH  [mysql] 	Problem detected!
8:15:07 CH  [mysql] 	Port 3306 in use by "Unable to open process"!
8:15:07 CH  [mysql] 	MySQL WILL NOT start without the configured ports free!
8:15:07 CH  [mysql] 	You need to uninstall/disable/reconfigure the blocking application
8:15:07 CH  [mysql] 	or reconfigure MySQL and the Control Panel to listen on a different port
8:15:07 CH  [mysql] 	Attempting to start MySQL app...
8:15:07 CH  [mysql] 	Status change detected: running
8:15:10 CH  [mysql] 	Status change detected: stopped
8:15:10 CH  [mysql] 	Error: MySQL shutdown unexpectedly.
8:15:10 CH  [mysql] 	This may be due to a blocked port, missing dependencies, 
8:15:10 CH  [mysql] 	improper privileges, a crash, or a shutdown by another method.
8:15:10 CH  [mysql] 	Press the Logs button to view error logs and check
8:15:10 CH  [mysql] 	the Windows Event Viewer for more clues
8:15:10 CH  [mysql] 	If you need more help, copy and post this
8:15:10 CH  [mysql] 	entire log window on the forums
8:15:28 CH  [mysql] 	Attempting to start MySQL app...
8:15:28 CH  [mysql] 	Status change detected: running
10:29:22 SA  [mysql] 	Status change detected: stopped
10:29:22 SA  [mysql] 	Error: MySQL shutdown unexpectedly.
10:29:22 SA  [mysql] 	This may be due to a blocked port, missing dependencies, 
10:29:22 SA  [mysql] 	improper privileges, a crash, or a shutdown by another method.
10:29:22 SA  [mysql] 	Press the Logs button to view error logs and check
10:29:22 SA  [mysql] 	the Windows Event Viewer for more clues
10:29:22 SA  [mysql] 	If you need more help, copy and post this
10:29:22 SA  [mysql] 	entire log window on the forums
10:29:23 SA  [Apache] 	Status change detected: stopped
10:29:23 SA  [Apache] 	Error: Apache shutdown unexpectedly.
10:29:23 SA  [Apache] 	This may be due to a blocked port, missing dependencies, 
10:29:23 SA  [Apache] 	improper privileges, a crash, or a shutdown by another method.
10:29:23 SA  [Apache] 	Press the Logs button to view error logs and check
10:29:23 SA  [Apache] 	the Windows Event Viewer for more clues
10:29:23 SA  [Apache] 	If you need more help, copy and post this
10:29:23 SA  [Apache] 	entire log window on the forums
1:29:11 CH  [Apache] 	Status change detected: running
1:29:17 CH  [mysql] 	Status change detected: running
10:34:35 SA  [Apache] 	Status change detected: stopped
10:34:35 SA  [Apache] 	Error: Apache shutdown unexpectedly.
10:34:35 SA  [Apache] 	This may be due to a blocked port, missing dependencies, 
10:34:35 SA  [Apache] 	improper privileges, a crash, or a shutdown by another method.
10:34:35 SA  [Apache] 	Press the Logs button to view error logs and check
10:34:35 SA  [Apache] 	the Windows Event Viewer for more clues
10:34:35 SA  [Apache] 	If you need more help, copy and post this
10:34:35 SA  [Apache] 	entire log window on the forums
10:34:36 SA  [mysql] 	Status change detected: stopped
10:34:36 SA  [mysql] 	Error: MySQL shutdown unexpectedly.
10:34:36 SA  [mysql] 	This may be due to a blocked port, missing dependencies, 
10:34:36 SA  [mysql] 	improper privileges, a crash, or a shutdown by another method.
10:34:36 SA  [mysql] 	Press the Logs button to view error logs and check
10:34:36 SA  [mysql] 	the Windows Event Viewer for more clues
10:34:36 SA  [mysql] 	If you need more help, copy and post this
10:34:36 SA  [mysql] 	entire log window on the forums
7:20:46 SA  [Apache] 	Status change detected: running
7:20:49 SA  [mysql] 	Status change detected: running
12:28:17 CH  [Apache] 	Status change detected: stopped
12:28:17 CH  [Apache] 	Error: Apache shutdown unexpectedly.
12:28:17 CH  [Apache] 	This may be due to a blocked port, missing dependencies, 
12:28:17 CH  [Apache] 	improper privileges, a crash, or a shutdown by another method.
12:28:18 CH  [Apache] 	Press the Logs button to view error logs and check
12:28:18 CH  [Apache] 	the Windows Event Viewer for more clues
12:28:18 CH  [Apache] 	If you need more help, copy and post this
12:28:18 CH  [Apache] 	entire log window on the forums
12:28:18 CH  [mysql] 	Status change detected: stopped
12:28:18 CH  [mysql] 	Error: MySQL shutdown unexpectedly.
12:28:19 CH  [mysql] 	This may be due to a blocked port, missing dependencies, 
12:28:19 CH  [mysql] 	improper privileges, a crash, or a shutdown by another method.
12:28:19 CH  [mysql] 	Press the Logs button to view error logs and check
12:28:19 CH  [mysql] 	the Windows Event Viewer for more clues
12:28:19 CH  [mysql] 	If you need more help, copy and post this
12:28:19 CH  [mysql] 	entire log window on the forums
1:11:40 CH  [Apache] 	Status change detected: running
1:11:48 CH  [mysql] 	Status change detected: running
1:24:37 CH  [Apache] 	Status change detected: stopped
1:24:37 CH  [Apache] 	Error: Apache shutdown unexpectedly.
1:24:37 CH  [Apache] 	This may be due to a blocked port, missing dependencies, 
1:24:37 CH  [Apache] 	improper privileges, a crash, or a shutdown by another method.
1:24:37 CH  [Apache] 	Press the Logs button to view error logs and check
1:24:37 CH  [Apache] 	the Windows Event Viewer for more clues
1:24:37 CH  [Apache] 	If you need more help, copy and post this
1:24:37 CH  [Apache] 	entire log window on the forums
1:24:38 CH  [mysql] 	Status change detected: stopped
1:24:38 CH  [mysql] 	Error: MySQL shutdown unexpectedly.
1:24:38 CH  [mysql] 	This may be due to a blocked port, missing dependencies, 
1:24:38 CH  [mysql] 	improper privileges, a crash, or a shutdown by another method.
1:24:38 CH  [mysql] 	Press the Logs button to view error logs and check
1:24:38 CH  [mysql] 	the Windows Event Viewer for more clues
1:24:38 CH  [mysql] 	If you need more help, copy and post this
1:24:38 CH  [mysql] 	entire log window on the forums
1:24:39 CH  [Apache] 	Status change detected: running
1:24:41 CH  [mysql] 	Status change detected: running
1:42:58 CH  [Apache] 	Status change detected: stopped
1:42:58 CH  [Apache] 	Error: Apache shutdown unexpectedly.
1:42:58 CH  [Apache] 	This may be due to a blocked port, missing dependencies, 
1:42:58 CH  [Apache] 	improper privileges, a crash, or a shutdown by another method.
1:42:58 CH  [Apache] 	Press the Logs button to view error logs and check
1:42:58 CH  [Apache] 	the Windows Event Viewer for more clues
1:42:58 CH  [Apache] 	If you need more help, copy and post this
1:42:58 CH  [Apache] 	entire log window on the forums
1:42:59 CH  [mysql] 	Status change detected: stopped
1:42:59 CH  [mysql] 	Error: MySQL shutdown unexpectedly.
1:42:59 CH  [mysql] 	This may be due to a blocked port, missing dependencies, 
1:42:59 CH  [mysql] 	improper privileges, a crash, or a shutdown by another method.
1:42:59 CH  [mysql] 	Press the Logs button to view error logs and check
1:42:59 CH  [mysql] 	the Windows Event Viewer for more clues
1:42:59 CH  [mysql] 	If you need more help, copy and post this
1:42:59 CH  [mysql] 	entire log window on the forums
1:43:00 CH  [Apache] 	Status change detected: running
1:43:01 CH  [mysql] 	Status change detected: running
1:51:54 CH  [Apache] 	Status change detected: stopped
1:51:54 CH  [Apache] 	Error: Apache shutdown unexpectedly.
1:51:54 CH  [Apache] 	This may be due to a blocked port, missing dependencies, 
1:51:54 CH  [Apache] 	improper privileges, a crash, or a shutdown by another method.
1:51:54 CH  [Apache] 	Press the Logs button to view error logs and check
1:51:54 CH  [Apache] 	the Windows Event Viewer for more clues
1:51:54 CH  [Apache] 	If you need more help, copy and post this
1:51:54 CH  [Apache] 	entire log window on the forums
1:51:55 CH  [mysql] 	Status change detected: stopped
1:51:55 CH  [mysql] 	Error: MySQL shutdown unexpectedly.
1:51:55 CH  [mysql] 	This may be due to a blocked port, missing dependencies, 
1:51:55 CH  [mysql] 	improper privileges, a crash, or a shutdown by another method.
1:51:55 CH  [mysql] 	Press the Logs button to view error logs and check
1:51:55 CH  [mysql] 	the Windows Event Viewer for more clues
1:51:55 CH  [mysql] 	If you need more help, copy and post this
1:51:55 CH  [mysql] 	entire log window on the forums
1:51:56 CH  [Apache] 	Status change detected: running
1:52:37 CH  [mysql] 	Status change detected: running
1:58:46 CH  [Apache] 	Status change detected: stopped
1:58:46 CH  [Apache] 	Error: Apache shutdown unexpectedly.
1:58:46 CH  [Apache] 	This may be due to a blocked port, missing dependencies, 
1:58:46 CH  [Apache] 	improper privileges, a crash, or a shutdown by another method.
1:58:46 CH  [Apache] 	Press the Logs button to view error logs and check
1:58:46 CH  [Apache] 	the Windows Event Viewer for more clues
1:58:46 CH  [Apache] 	If you need more help, copy and post this
1:58:46 CH  [Apache] 	entire log window on the forums
1:58:47 CH  [mysql] 	Status change detected: stopped
1:58:47 CH  [mysql] 	Error: MySQL shutdown unexpectedly.
1:58:47 CH  [mysql] 	This may be due to a blocked port, missing dependencies, 
1:58:47 CH  [mysql] 	improper privileges, a crash, or a shutdown by another method.
1:58:47 CH  [mysql] 	Press the Logs button to view error logs and check
1:58:47 CH  [mysql] 	the Windows Event Viewer for more clues
1:58:47 CH  [mysql] 	If you need more help, copy and post this
1:58:47 CH  [mysql] 	entire log window on the forums
1:58:48 CH  [Apache] 	Status change detected: running
1:58:50 CH  [mysql] 	Status change detected: running
1:59:48 CH  [Apache] 	Status change detected: stopped
1:59:48 CH  [Apache] 	Error: Apache shutdown unexpectedly.
1:59:48 CH  [Apache] 	This may be due to a blocked port, missing dependencies, 
1:59:48 CH  [Apache] 	improper privileges, a crash, or a shutdown by another method.
1:59:48 CH  [Apache] 	Press the Logs button to view error logs and check
1:59:48 CH  [Apache] 	the Windows Event Viewer for more clues
1:59:48 CH  [Apache] 	If you need more help, copy and post this
1:59:48 CH  [Apache] 	entire log window on the forums
1:59:49 CH  [mysql] 	Status change detected: stopped
1:59:49 CH  [mysql] 	Error: MySQL shutdown unexpectedly.
1:59:49 CH  [mysql] 	This may be due to a blocked port, missing dependencies, 
1:59:49 CH  [mysql] 	improper privileges, a crash, or a shutdown by another method.
1:59:49 CH  [mysql] 	Press the Logs button to view error logs and check
1:59:49 CH  [mysql] 	the Windows Event Viewer for more clues
1:59:49 CH  [mysql] 	If you need more help, copy and post this
1:59:49 CH  [mysql] 	entire log window on the forums
1:59:50 CH  [Apache] 	Status change detected: running
1:59:50 CH  [Apache] 	Status change detected: stopped
1:59:50 CH  [Apache] 	Error: Apache shutdown unexpectedly.
1:59:50 CH  [Apache] 	This may be due to a blocked port, missing dependencies, 
1:59:50 CH  [Apache] 	improper privileges, a crash, or a shutdown by another method.
1:59:50 CH  [Apache] 	Press the Logs button to view error logs and check
1:59:50 CH  [Apache] 	the Windows Event Viewer for more clues
1:59:50 CH  [Apache] 	If you need more help, copy and post this
1:59:50 CH  [Apache] 	entire log window on the forums
1:59:53 CH  [Apache] 	Status change detected: running
1:59:53 CH  [Apache] 	Status change detected: stopped
1:59:53 CH  [Apache] 	Error: Apache shutdown unexpectedly.
1:59:53 CH  [Apache] 	This may be due to a blocked port, missing dependencies, 
1:59:53 CH  [Apache] 	improper privileges, a crash, or a shutdown by another method.
1:59:53 CH  [Apache] 	Press the Logs button to view error logs and check
1:59:53 CH  [Apache] 	the Windows Event Viewer for more clues
1:59:53 CH  [Apache] 	If you need more help, copy and post this
1:59:53 CH  [Apache] 	entire log window on the forums
2:00:05 CH  [Apache] 	Status change detected: running
2:00:07 CH  [mysql] 	Status change detected: running
2:16:45 CH  [Apache] 	Status change detected: stopped
2:16:45 CH  [Apache] 	Error: Apache shutdown unexpectedly.
2:16:45 CH  [Apache] 	This may be due to a blocked port, missing dependencies, 
2:16:45 CH  [Apache] 	improper privileges, a crash, or a shutdown by another method.
2:16:45 CH  [Apache] 	Press the Logs button to view error logs and check
2:16:45 CH  [Apache] 	the Windows Event Viewer for more clues
2:16:45 CH  [Apache] 	If you need more help, copy and post this
2:16:45 CH  [Apache] 	entire log window on the forums
2:16:46 CH  [mysql] 	Status change detected: stopped
2:16:46 CH  [mysql] 	Error: MySQL shutdown unexpectedly.
2:16:46 CH  [mysql] 	This may be due to a blocked port, missing dependencies, 
2:16:46 CH  [mysql] 	improper privileges, a crash, or a shutdown by another method.
2:16:46 CH  [mysql] 	Press the Logs button to view error logs and check
2:16:46 CH  [mysql] 	the Windows Event Viewer for more clues
2:16:46 CH  [mysql] 	If you need more help, copy and post this
2:16:46 CH  [mysql] 	entire log window on the forums
2:16:47 CH  [Apache] 	Status change detected: running
2:16:48 CH  [mysql] 	Status change detected: running
2:17:32 CH  [Apache] 	Status change detected: stopped
2:17:32 CH  [Apache] 	Error: Apache shutdown unexpectedly.
2:17:32 CH  [Apache] 	This may be due to a blocked port, missing dependencies, 
2:17:33 CH  [Apache] 	improper privileges, a crash, or a shutdown by another method.
2:17:33 CH  [Apache] 	Press the Logs button to view error logs and check
2:17:33 CH  [Apache] 	the Windows Event Viewer for more clues
2:17:33 CH  [Apache] 	If you need more help, copy and post this
2:17:33 CH  [Apache] 	entire log window on the forums
2:17:33 CH  [mysql] 	Status change detected: stopped
2:17:33 CH  [mysql] 	Error: MySQL shutdown unexpectedly.
2:17:33 CH  [mysql] 	This may be due to a blocked port, missing dependencies, 
2:17:33 CH  [mysql] 	improper privileges, a crash, or a shutdown by another method.
2:17:34 CH  [mysql] 	Press the Logs button to view error logs and check
2:17:34 CH  [mysql] 	the Windows Event Viewer for more clues
2:17:34 CH  [mysql] 	If you need more help, copy and post this
2:17:34 CH  [mysql] 	entire log window on the forums
2:17:34 CH  [Apache] 	Status change detected: running
2:17:35 CH  [mysql] 	Status change detected: running
2:24:40 CH  [Apache] 	Status change detected: stopped
2:24:40 CH  [Apache] 	Error: Apache shutdown unexpectedly.
2:24:40 CH  [Apache] 	This may be due to a blocked port, missing dependencies, 
2:24:40 CH  [Apache] 	improper privileges, a crash, or a shutdown by another method.
2:24:40 CH  [Apache] 	Press the Logs button to view error logs and check
2:24:40 CH  [Apache] 	the Windows Event Viewer for more clues
2:24:40 CH  [Apache] 	If you need more help, copy and post this
2:24:40 CH  [Apache] 	entire log window on the forums
2:24:41 CH  [mysql] 	Status change detected: stopped
2:24:41 CH  [mysql] 	Error: MySQL shutdown unexpectedly.
2:24:41 CH  [mysql] 	This may be due to a blocked port, missing dependencies, 
2:24:41 CH  [mysql] 	improper privileges, a crash, or a shutdown by another method.
2:24:41 CH  [mysql] 	Press the Logs button to view error logs and check
2:24:41 CH  [mysql] 	the Windows Event Viewer for more clues
2:24:41 CH  [mysql] 	If you need more help, copy and post this
2:24:41 CH  [mysql] 	entire log window on the forums
1:05:30 CH  [Apache] 	Status change detected: running
1:05:36 CH  [mysql] 	Status change detected: running
2:30:53 CH  [Apache] 	Status change detected: stopped
2:30:54 CH  [Apache] 	Error: Apache shutdown unexpectedly.
2:30:54 CH  [Apache] 	This may be due to a blocked port, missing dependencies, 
2:30:54 CH  [Apache] 	improper privileges, a crash, or a shutdown by another method.
2:30:54 CH  [Apache] 	Press the Logs button to view error logs and check
2:30:54 CH  [Apache] 	the Windows Event Viewer for more clues
2:30:54 CH  [Apache] 	If you need more help, copy and post this
2:30:54 CH  [Apache] 	entire log window on the forums
2:30:54 CH  [Apache] 	Status change detected: running
4:38:24 CH  [Apache] 	Status change detected: stopped
4:38:24 CH  [Apache] 	Error: Apache shutdown unexpectedly.
4:38:24 CH  [Apache] 	This may be due to a blocked port, missing dependencies, 
4:38:24 CH  [Apache] 	improper privileges, a crash, or a shutdown by another method.
4:38:24 CH  [Apache] 	Press the Logs button to view error logs and check
4:38:24 CH  [Apache] 	the Windows Event Viewer for more clues
4:38:24 CH  [Apache] 	If you need more help, copy and post this
4:38:24 CH  [Apache] 	entire log window on the forums
4:38:25 CH  [mysql] 	Status change detected: stopped
4:38:25 CH  [mysql] 	Error: MySQL shutdown unexpectedly.
4:38:25 CH  [mysql] 	This may be due to a blocked port, missing dependencies, 
4:38:25 CH  [mysql] 	improper privileges, a crash, or a shutdown by another method.
4:38:25 CH  [mysql] 	Press the Logs button to view error logs and check
4:38:25 CH  [mysql] 	the Windows Event Viewer for more clues
4:38:25 CH  [mysql] 	If you need more help, copy and post this
4:38:25 CH  [mysql] 	entire log window on the forums
12:24:09 CH  [main] 	Deinitializing Modules
12:24:09 CH  [main] 	Deinitializing Control Panel

1:05:22 CH  [main] 	Initializing Control Panel
1:05:23 CH  [main] 	Windows Version:  Enterprise  64-bit
1:05:23 CH  [main] 	XAMPP Version: 7.1.28
1:05:23 CH  [main] 	Control Panel Version: 3.2.3  [ Compiled: Mar 7th 2019 ]
1:05:23 CH  [main] 	You are not running with administrator rights! This will work for
1:05:23 CH  [main] 	most application stuff but whenever you do something with services
1:05:23 CH  [main] 	there will be a security dialogue or things will break! So think 
1:05:23 CH  [main] 	about running this application with administrator rights!
1:05:23 CH  [main] 	XAMPP Installation Directory: "c:\xampp\xampp\"
1:05:23 CH  [main] 	Checking for prerequisites
1:05:23 CH  [main] 	All prerequisites found
1:05:23 CH  [main] 	Initializing Modules
1:05:23 CH  [main] 	Starting Check-Timer
1:05:23 CH  [main] 	Control Panel Ready
1:05:30 CH  [Apache] 	Attempting to start Apache app...
1:05:30 CH  [Apache] 	Status change detected: running
1:05:34 CH  [mysql] 	Attempting to start MySQL app...
1:05:36 CH  [mysql] 	Status change detected: running
2:30:53 CH  [Apache] 	Attempting to stop Apache (PID: 2512)
2:30:53 CH  [Apache] 	Attempting to stop Apache (PID: 16864)
2:30:53 CH  [Apache] 	Status change detected: stopped
2:30:54 CH  [Apache] 	Attempting to start Apache app...
2:30:54 CH  [Apache] 	Status change detected: running
4:38:24 CH  [Apache] 	Attempting to stop Apache (PID: 12492)
4:38:24 CH  [Apache] 	Attempting to stop Apache (PID: 2652)
4:38:24 CH  [Apache] 	Status change detected: stopped
4:38:25 CH  [mysql] 	Attempting to stop MySQL app...
4:38:25 CH  [mysql] 	Status change detected: stopped
12:24:12 CH  [main] 	Deinitializing Modules
12:24:12 CH  [main] 	Deinitializing Control Panel

2:16:29 CH  [main] 	Initializing Control Panel
2:16:29 CH  [main] 	Windows Version:  Enterprise  64-bit
2:16:29 CH  [main] 	XAMPP Version: 7.1.28
2:16:29 CH  [main] 	Control Panel Version: 3.2.3  [ Compiled: Mar 7th 2019 ]
2:16:29 CH  [main] 	You are not running with administrator rights! This will work for
2:16:29 CH  [main] 	most application stuff but whenever you do something with services
2:16:29 CH  [main] 	there will be a security dialogue or things will break! So think 
2:16:29 CH  [main] 	about running this application with administrator rights!
2:16:29 CH  [main] 	XAMPP Installation Directory: "c:\xampp\xampp\"
2:16:29 CH  [main] 	Checking for prerequisites
2:16:30 CH  [main] 	All prerequisites found
2:16:30 CH  [main] 	Initializing Modules
2:16:30 CH  [Apache] 	XAMPP Apache is already running on port 80
2:16:30 CH  [Apache] 	XAMPP Apache is already running on port 443
2:16:30 CH  [mysql] 	XAMPP MySQL is already running on port 3306
2:16:30 CH  [main] 	Starting Check-Timer
2:16:30 CH  [main] 	Control Panel Ready
2:16:44 CH  [Apache] 	Attempting to stop Apache (PID: 7856)
2:16:44 CH  [Apache] 	Attempting to stop Apache (PID: 17596)
2:16:45 CH  [Apache] 	Status change detected: stopped
2:16:46 CH  [mysql] 	Attempting to stop MySQL app...
2:16:46 CH  [mysql] 	Status change detected: stopped
2:16:47 CH  [Apache] 	Problem detected!
2:16:47 CH  [Apache] 	Port 80 in use by "Unable to get info" with PID 7856!
2:16:47 CH  [Apache] 	Apache WILL NOT start without the configured ports free!
2:16:47 CH  [Apache] 	You need to uninstall/disable/reconfigure the blocking application
2:16:47 CH  [Apache] 	or reconfigure Apache and the Control Panel to listen on a different port
2:16:47 CH  [Apache] 	Attempting to start Apache app...
2:16:47 CH  [Apache] 	Status change detected: running
2:16:48 CH  [mysql] 	Attempting to start MySQL app...
2:16:48 CH  [mysql] 	Status change detected: running
2:17:32 CH  [Apache] 	Attempting to stop Apache (PID: 11508)
2:17:32 CH  [Apache] 	Attempting to stop Apache (PID: 18344)
2:17:32 CH  [Apache] 	Status change detected: stopped
2:17:33 CH  [mysql] 	Attempting to stop MySQL app...
2:17:33 CH  [mysql] 	Status change detected: stopped
2:17:34 CH  [Apache] 	Attempting to start Apache app...
2:17:34 CH  [Apache] 	Status change detected: running
2:17:35 CH  [mysql] 	Attempting to start MySQL app...
2:17:35 CH  [mysql] 	Status change detected: running
2:24:40 CH  [Apache] 	Attempting to stop Apache (PID: 2512)
2:24:40 CH  [Apache] 	Attempting to stop Apache (PID: 14524)
2:24:40 CH  [Apache] 	Status change detected: stopped
2:24:41 CH  [mysql] 	Attempting to stop MySQL app...
2:24:41 CH  [mysql] 	Status change detected: stopped
1:05:30 CH  [Apache] 	Status change detected: running
1:05:36 CH  [mysql] 	Status change detected: running
2:30:53 CH  [Apache] 	Status change detected: stopped
2:30:54 CH  [Apache] 	Status change detected: running
4:38:24 CH  [Apache] 	Status change detected: stopped
4:38:25 CH  [mysql] 	Status change detected: stopped
12:24:15 CH  [main] 	Deinitializing Modules
12:24:15 CH  [main] 	Deinitializing Control Panel

1:11:38 CH  [main] 	Initializing Control Panel
1:11:38 CH  [main] 	Windows Version:  Enterprise  64-bit
1:11:38 CH  [main] 	XAMPP Version: 7.1.28
1:11:38 CH  [main] 	Control Panel Version: 3.2.3  [ Compiled: Mar 7th 2019 ]
1:11:38 CH  [main] 	You are not running with administrator rights! This will work for
1:11:38 CH  [main] 	most application stuff but whenever you do something with services
1:11:38 CH  [main] 	there will be a security dialogue or things will break! So think 
1:11:38 CH  [main] 	about running this application with administrator rights!
1:11:38 CH  [main] 	XAMPP Installation Directory: "c:\xampp\xampp\"
1:11:38 CH  [main] 	Checking for prerequisites
1:11:39 CH  [main] 	All prerequisites found
1:11:39 CH  [main] 	Initializing Modules
1:11:39 CH  [main] 	Starting Check-Timer
1:11:39 CH  [main] 	Control Panel Ready
1:11:40 CH  [Apache] 	Attempting to start Apache app...
1:11:41 CH  [Apache] 	Status change detected: running
1:11:47 CH  [mysql] 	Attempting to start MySQL app...
1:11:48 CH  [mysql] 	Status change detected: running
1:15:33 CH  [main] 	Executing "services.msc"
1:24:36 CH  [Apache] 	Attempting to stop Apache (PID: 4964)
1:24:36 CH  [Apache] 	Attempting to stop Apache (PID: 5336)
1:24:37 CH  [Apache] 	Status change detected: stopped
1:24:38 CH  [mysql] 	Attempting to stop MySQL app...
1:24:38 CH  [mysql] 	Status change detected: stopped
1:24:39 CH  [Apache] 	Attempting to start Apache app...
1:24:39 CH  [Apache] 	Status change detected: running
1:24:41 CH  [mysql] 	Attempting to start MySQL app...
1:24:41 CH  [mysql] 	Status change detected: running
1:42:57 CH  [Apache] 	Attempting to stop Apache (PID: 14952)
1:42:57 CH  [Apache] 	Attempting to stop Apache (PID: 16432)
1:42:58 CH  [Apache] 	Status change detected: stopped
1:42:58 CH  [mysql] 	Attempting to stop MySQL app...
1:42:59 CH  [mysql] 	Status change detected: stopped
1:42:59 CH  [Apache] 	Problem detected!
1:43:00 CH  [Apache] 	Port 80 in use by "Unable to get info" with PID 14952!
1:43:00 CH  [Apache] 	Apache WILL NOT start without the configured ports free!
1:43:00 CH  [Apache] 	You need to uninstall/disable/reconfigure the blocking application
1:43:00 CH  [Apache] 	or reconfigure Apache and the Control Panel to listen on a different port
1:43:00 CH  [Apache] 	Attempting to start Apache app...
1:43:00 CH  [Apache] 	Status change detected: running
1:43:01 CH  [mysql] 	Attempting to start MySQL app...
1:43:01 CH  [mysql] 	Status change detected: running
1:51:53 CH  [Apache] 	Attempting to stop Apache (PID: 7888)
1:51:53 CH  [Apache] 	Attempting to stop Apache (PID: 16396)
1:51:54 CH  [Apache] 	Status change detected: stopped
1:51:55 CH  [mysql] 	Attempting to stop MySQL app...
1:51:55 CH  [mysql] 	Status change detected: stopped
1:51:56 CH  [Apache] 	Attempting to start Apache app...
1:51:56 CH  [Apache] 	Status change detected: running
1:52:36 CH  [mysql] 	Attempting to start MySQL app...
1:52:37 CH  [mysql] 	Status change detected: running
1:58:45 CH  [Apache] 	Attempting to stop Apache (PID: 15188)
1:58:45 CH  [Apache] 	Attempting to stop Apache (PID: 16436)
1:58:46 CH  [Apache] 	Status change detected: stopped
1:58:47 CH  [mysql] 	Attempting to stop MySQL app...
1:58:47 CH  [mysql] 	Status change detected: stopped
1:58:48 CH  [Apache] 	Attempting to start Apache app...
1:58:48 CH  [Apache] 	Status change detected: running
1:58:49 CH  [mysql] 	Attempting to start MySQL app...
1:58:50 CH  [mysql] 	Status change detected: running
1:59:48 CH  [Apache] 	Attempting to stop Apache (PID: 6584)
1:59:48 CH  [Apache] 	Attempting to stop Apache (PID: 12256)
1:59:48 CH  [Apache] 	Status change detected: stopped
1:59:49 CH  [mysql] 	Attempting to stop MySQL app...
1:59:49 CH  [mysql] 	Status change detected: stopped
1:59:49 CH  [Apache] 	Problem detected!
1:59:49 CH  [Apache] 	Port 80 in use by "Unable to get info" with PID 6584!
1:59:49 CH  [Apache] 	Apache WILL NOT start without the configured ports free!
1:59:49 CH  [Apache] 	You need to uninstall/disable/reconfigure the blocking application
1:59:49 CH  [Apache] 	or reconfigure Apache and the Control Panel to listen on a different port
1:59:50 CH  [Apache] 	Attempting to start Apache app...
1:59:50 CH  [Apache] 	Status change detected: running
1:59:50 CH  [Apache] 	Status change detected: stopped
1:59:50 CH  [Apache] 	Error: Apache shutdown unexpectedly.
1:59:50 CH  [Apache] 	This may be due to a blocked port, missing dependencies, 
1:59:50 CH  [Apache] 	improper privileges, a crash, or a shutdown by another method.
1:59:50 CH  [Apache] 	Press the Logs button to view error logs and check
1:59:50 CH  [Apache] 	the Windows Event Viewer for more clues
1:59:50 CH  [Apache] 	If you need more help, copy and post this
1:59:50 CH  [Apache] 	entire log window on the forums
1:59:52 CH  [Apache] 	Problem detected!
1:59:53 CH  [Apache] 	Port 80 in use by "Unable to get info" with PID 6584!
1:59:53 CH  [Apache] 	Apache WILL NOT start without the configured ports free!
1:59:53 CH  [Apache] 	You need to uninstall/disable/reconfigure the blocking application
1:59:53 CH  [Apache] 	or reconfigure Apache and the Control Panel to listen on a different port
1:59:53 CH  [Apache] 	Attempting to start Apache app...
1:59:53 CH  [Apache] 	Status change detected: running
1:59:53 CH  [Apache] 	Status change detected: stopped
1:59:53 CH  [Apache] 	Error: Apache shutdown unexpectedly.
1:59:53 CH  [Apache] 	This may be due to a blocked port, missing dependencies, 
1:59:53 CH  [Apache] 	improper privileges, a crash, or a shutdown by another method.
1:59:53 CH  [Apache] 	Press the Logs button to view error logs and check
1:59:53 CH  [Apache] 	the Windows Event Viewer for more clues
1:59:53 CH  [Apache] 	If you need more help, copy and post this
1:59:53 CH  [Apache] 	entire log window on the forums
2:00:05 CH  [Apache] 	Problem detected!
2:00:05 CH  [Apache] 	Port 80 in use by "Unable to get info" with PID 6584!
2:00:05 CH  [Apache] 	Apache WILL NOT start without the configured ports free!
2:00:05 CH  [Apache] 	You need to uninstall/disable/reconfigure the blocking application
2:00:05 CH  [Apache] 	or reconfigure Apache and the Control Panel to listen on a different port
2:00:05 CH  [Apache] 	Attempting to start Apache app...
2:00:05 CH  [Apache] 	Status change detected: running
2:00:06 CH  [mysql] 	Attempting to start MySQL app...
2:00:07 CH  [mysql] 	Status change detected: running
2:16:45 CH  [Apache] 	Status change detected: stopped
2:16:45 CH  [Apache] 	Error: Apache shutdown unexpectedly.
2:16:45 CH  [Apache] 	This may be due to a blocked port, missing dependencies, 
2:16:45 CH  [Apache] 	improper privileges, a crash, or a shutdown by another method.
2:16:45 CH  [Apache] 	Press the Logs button to view error logs and check
2:16:45 CH  [Apache] 	the Windows Event Viewer for more clues
2:16:45 CH  [Apache] 	If you need more help, copy and post this
2:16:45 CH  [Apache] 	entire log window on the forums
2:16:46 CH  [mysql] 	Status change detected: stopped
2:16:46 CH  [mysql] 	Error: MySQL shutdown unexpectedly.
2:16:46 CH  [mysql] 	This may be due to a blocked port, missing dependencies, 
2:16:46 CH  [mysql] 	improper privileges, a crash, or a shutdown by another method.
2:16:46 CH  [mysql] 	Press the Logs button to view error logs and check
2:16:46 CH  [mysql] 	the Windows Event Viewer for more clues
2:16:46 CH  [mysql] 	If you need more help, copy and post this
2:16:46 CH  [mysql] 	entire log window on the forums
2:16:47 CH  [Apache] 	Status change detected: running
2:16:48 CH  [mysql] 	Status change detected: running
2:17:32 CH  [Apache] 	Status change detected: stopped
2:17:32 CH  [Apache] 	Error: Apache shutdown unexpectedly.
2:17:32 CH  [Apache] 	This may be due to a blocked port, missing dependencies, 
2:17:33 CH  [Apache] 	improper privileges, a crash, or a shutdown by another method.
2:17:33 CH  [Apache] 	Press the Logs button to view error logs and check
2:17:33 CH  [Apache] 	the Windows Event Viewer for more clues
2:17:33 CH  [Apache] 	If you need more help, copy and post this
2:17:33 CH  [Apache] 	entire log window on the forums
2:17:33 CH  [mysql] 	Status change detected: stopped
2:17:33 CH  [mysql] 	Error: MySQL shutdown unexpectedly.
2:17:33 CH  [mysql] 	This may be due to a blocked port, missing dependencies, 
2:17:33 CH  [mysql] 	improper privileges, a crash, or a shutdown by another method.
2:17:34 CH  [mysql] 	Press the Logs button to view error logs and check
2:17:34 CH  [mysql] 	the Windows Event Viewer for more clues
2:17:34 CH  [mysql] 	If you need more help, copy and post this
2:17:34 CH  [mysql] 	entire log window on the forums
2:17:34 CH  [Apache] 	Status change detected: running
2:17:35 CH  [mysql] 	Status change detected: running
2:24:40 CH  [Apache] 	Status change detected: stopped
2:24:40 CH  [Apache] 	Error: Apache shutdown unexpectedly.
2:24:40 CH  [Apache] 	This may be due to a blocked port, missing dependencies, 
2:24:40 CH  [Apache] 	improper privileges, a crash, or a shutdown by another method.
2:24:40 CH  [Apache] 	Press the Logs button to view error logs and check
2:24:40 CH  [Apache] 	the Windows Event Viewer for more clues
2:24:40 CH  [Apache] 	If you need more help, copy and post this
2:24:40 CH  [Apache] 	entire log window on the forums
2:24:41 CH  [mysql] 	Status change detected: stopped
2:24:41 CH  [mysql] 	Error: MySQL shutdown unexpectedly.
2:24:41 CH  [mysql] 	This may be due to a blocked port, missing dependencies, 
2:24:41 CH  [mysql] 	improper privileges, a crash, or a shutdown by another method.
2:24:41 CH  [mysql] 	Press the Logs button to view error logs and check
2:24:41 CH  [mysql] 	the Windows Event Viewer for more clues
2:24:41 CH  [mysql] 	If you need more help, copy and post this
2:24:41 CH  [mysql] 	entire log window on the forums
1:05:30 CH  [Apache] 	Status change detected: running
1:05:36 CH  [mysql] 	Status change detected: running
2:30:53 CH  [Apache] 	Status change detected: stopped
2:30:54 CH  [Apache] 	Error: Apache shutdown unexpectedly.
2:30:54 CH  [Apache] 	This may be due to a blocked port, missing dependencies, 
2:30:54 CH  [Apache] 	improper privileges, a crash, or a shutdown by another method.
2:30:54 CH  [Apache] 	Press the Logs button to view error logs and check
2:30:54 CH  [Apache] 	the Windows Event Viewer for more clues
2:30:54 CH  [Apache] 	If you need more help, copy and post this
2:30:54 CH  [Apache] 	entire log window on the forums
2:30:54 CH  [Apache] 	Status change detected: running
4:38:24 CH  [Apache] 	Status change detected: stopped
4:38:24 CH  [Apache] 	Error: Apache shutdown unexpectedly.
4:38:24 CH  [Apache] 	This may be due to a blocked port, missing dependencies, 
4:38:24 CH  [Apache] 	improper privileges, a crash, or a shutdown by another method.
4:38:24 CH  [Apache] 	Press the Logs button to view error logs and check
4:38:24 CH  [Apache] 	the Windows Event Viewer for more clues
4:38:24 CH  [Apache] 	If you need more help, copy and post this
4:38:24 CH  [Apache] 	entire log window on the forums
4:38:25 CH  [mysql] 	Status change detected: stopped
4:38:25 CH  [mysql] 	Error: MySQL shutdown unexpectedly.
4:38:25 CH  [mysql] 	This may be due to a blocked port, missing dependencies, 
4:38:25 CH  [mysql] 	improper privileges, a crash, or a shutdown by another method.
4:38:25 CH  [mysql] 	Press the Logs button to view error logs and check
4:38:25 CH  [mysql] 	the Windows Event Viewer for more clues
4:38:25 CH  [mysql] 	If you need more help, copy and post this
4:38:25 CH  [mysql] 	entire log window on the forums
12:24:19 CH  [main] 	Deinitializing Modules
12:24:19 CH  [main] 	Deinitializing Control Panel

10:31:53 SA  [main] 	Initializing Control Panel
10:31:53 SA  [main] 	Windows Version:  Enterprise  64-bit
10:31:53 SA  [main] 	XAMPP Version: 7.1.28
10:31:53 SA  [main] 	Control Panel Version: 3.2.3  [ Compiled: Mar 7th 2019 ]
10:31:53 SA  [main] 	You are not running with administrator rights! This will work for
10:31:53 SA  [main] 	most application stuff but whenever you do something with services
10:31:53 SA  [main] 	there will be a security dialogue or things will break! So think 
10:31:53 SA  [main] 	about running this application with administrator rights!
10:31:53 SA  [main] 	XAMPP Installation Directory: "c:\xampp\xampp\"
10:31:53 SA  [main] 	Checking for prerequisites
10:31:54 SA  [main] 	All prerequisites found
10:31:54 SA  [main] 	Initializing Modules
10:31:54 SA  [mysql] 	Problem detected!
10:31:54 SA  [mysql] 	Port 3306 in use by "Unable to open process"!
10:31:54 SA  [mysql] 	MySQL WILL NOT start without the configured ports free!
10:31:54 SA  [mysql] 	You need to uninstall/disable/reconfigure the blocking application
10:31:54 SA  [mysql] 	or reconfigure MySQL and the Control Panel to listen on a different port
10:31:54 SA  [main] 	Starting Check-Timer
10:31:54 SA  [main] 	Control Panel Ready
10:31:57 SA  [Apache] 	Attempting to start Apache app...
10:31:57 SA  [Apache] 	Status change detected: running
10:31:58 SA  [mysql] 	Problem detected!
10:31:58 SA  [mysql] 	Port 3306 in use by "Unable to open process"!
10:31:58 SA  [mysql] 	MySQL WILL NOT start without the configured ports free!
10:31:58 SA  [mysql] 	You need to uninstall/disable/reconfigure the blocking application
10:31:58 SA  [mysql] 	or reconfigure MySQL and the Control Panel to listen on a different port
10:31:58 SA  [mysql] 	Attempting to start MySQL app...
10:31:59 SA  [mysql] 	Status change detected: running
10:32:02 SA  [mysql] 	Status change detected: stopped
10:32:02 SA  [mysql] 	Error: MySQL shutdown unexpectedly.
10:32:02 SA  [mysql] 	This may be due to a blocked port, missing dependencies, 
10:32:02 SA  [mysql] 	improper privileges, a crash, or a shutdown by another method.
10:32:02 SA  [mysql] 	Press the Logs button to view error logs and check
10:32:02 SA  [mysql] 	the Windows Event Viewer for more clues
10:32:02 SA  [mysql] 	If you need more help, copy and post this
10:32:02 SA  [mysql] 	entire log window on the forums
10:38:33 SA  [Apache] 	Attempting to stop Apache (PID: 7244)
10:38:33 SA  [Apache] 	Attempting to stop Apache (PID: 14360)
10:38:33 SA  [Apache] 	Status change detected: stopped
10:38:44 SA  [Apache] 	Attempting to start Apache app...
10:38:44 SA  [Apache] 	Status change detected: running
10:38:44 SA  [Apache] 	Attempting to stop Apache (PID: 14924)
10:38:44 SA  [Apache] 	Status change detected: stopped
10:38:46 SA  [Apache] 	Attempting to start Apache app...
10:38:47 SA  [Apache] 	Status change detected: running
11:34:39 SA  [Apache] 	Attempting to stop Apache (PID: 14776)
11:34:39 SA  [Apache] 	Attempting to stop Apache (PID: 11704)
11:34:39 SA  [Apache] 	Status change detected: stopped
10:27:34 CH  [main] 	Deinitializing Modules
10:27:34 CH  [main] 	Deinitializing Control Panel

9:57:38 SA  [main] 	Initializing Control Panel
9:57:38 SA  [main] 	Windows Version:  Enterprise  64-bit
9:57:38 SA  [main] 	XAMPP Version: 7.1.28
9:57:38 SA  [main] 	Control Panel Version: 3.2.3  [ Compiled: Mar 7th 2019 ]
9:57:38 SA  [main] 	You are not running with administrator rights! This will work for
9:57:38 SA  [main] 	most application stuff but whenever you do something with services
9:57:38 SA  [main] 	there will be a security dialogue or things will break! So think 
9:57:38 SA  [main] 	about running this application with administrator rights!
9:57:38 SA  [main] 	XAMPP Installation Directory: "c:\xampp\xampp\"
9:57:38 SA  [main] 	Checking for prerequisites
9:57:39 SA  [main] 	All prerequisites found
9:57:39 SA  [main] 	Initializing Modules
9:57:39 SA  [mysql] 	Problem detected!
9:57:39 SA  [mysql] 	Port 3306 in use by "Unable to open process"!
9:57:39 SA  [mysql] 	MySQL WILL NOT start without the configured ports free!
9:57:39 SA  [mysql] 	You need to uninstall/disable/reconfigure the blocking application
9:57:39 SA  [mysql] 	or reconfigure MySQL and the Control Panel to listen on a different port
9:57:39 SA  [main] 	Starting Check-Timer
9:57:39 SA  [main] 	Control Panel Ready
9:57:42 SA  [Apache] 	Attempting to start Apache app...
9:57:42 SA  [Apache] 	Status change detected: running
9:57:44 SA  [mysql] 	Problem detected!
9:57:44 SA  [mysql] 	Port 3306 in use by "Unable to open process"!
9:57:44 SA  [mysql] 	MySQL WILL NOT start without the configured ports free!
9:57:44 SA  [mysql] 	You need to uninstall/disable/reconfigure the blocking application
9:57:44 SA  [mysql] 	or reconfigure MySQL and the Control Panel to listen on a different port
9:57:44 SA  [mysql] 	Attempting to start MySQL app...
9:57:45 SA  [mysql] 	Status change detected: running
9:57:48 SA  [mysql] 	Status change detected: stopped
9:57:48 SA  [mysql] 	Error: MySQL shutdown unexpectedly.
9:57:48 SA  [mysql] 	This may be due to a blocked port, missing dependencies, 
9:57:48 SA  [mysql] 	improper privileges, a crash, or a shutdown by another method.
9:57:48 SA  [mysql] 	Press the Logs button to view error logs and check
9:57:48 SA  [mysql] 	the Windows Event Viewer for more clues
9:57:48 SA  [mysql] 	If you need more help, copy and post this
9:57:48 SA  [mysql] 	entire log window on the forums
9:57:54 SA  [mysql] 	Problem detected!
9:57:54 SA  [mysql] 	Port 3306 in use by "Unable to open process"!
9:57:54 SA  [mysql] 	MySQL WILL NOT start without the configured ports free!
9:57:54 SA  [mysql] 	You need to uninstall/disable/reconfigure the blocking application
9:57:54 SA  [mysql] 	or reconfigure MySQL and the Control Panel to listen on a different port
9:57:54 SA  [mysql] 	Attempting to start MySQL app...
9:57:54 SA  [mysql] 	Status change detected: running
9:57:57 SA  [mysql] 	Status change detected: stopped
9:57:57 SA  [mysql] 	Error: MySQL shutdown unexpectedly.
9:57:57 SA  [mysql] 	This may be due to a blocked port, missing dependencies, 
9:57:57 SA  [mysql] 	improper privileges, a crash, or a shutdown by another method.
9:57:57 SA  [mysql] 	Press the Logs button to view error logs and check
9:57:57 SA  [mysql] 	the Windows Event Viewer for more clues
9:57:57 SA  [mysql] 	If you need more help, copy and post this
9:57:57 SA  [mysql] 	entire log window on the forums
9:57:59 SA  [mysql] 	Problem detected!
9:57:59 SA  [mysql] 	Port 3306 in use by "Unable to open process"!
9:57:59 SA  [mysql] 	MySQL WILL NOT start without the configured ports free!
9:57:59 SA  [mysql] 	You need to uninstall/disable/reconfigure the blocking application
9:57:59 SA  [mysql] 	or reconfigure MySQL and the Control Panel to listen on a different port
9:57:59 SA  [mysql] 	Attempting to start MySQL app...
9:57:59 SA  [mysql] 	Status change detected: running
9:58:01 SA  [mysql] 	Status change detected: stopped
9:58:01 SA  [mysql] 	Error: MySQL shutdown unexpectedly.
9:58:01 SA  [mysql] 	This may be due to a blocked port, missing dependencies, 
9:58:01 SA  [mysql] 	improper privileges, a crash, or a shutdown by another method.
9:58:01 SA  [mysql] 	Press the Logs button to view error logs and check
9:58:01 SA  [mysql] 	the Windows Event Viewer for more clues
9:58:01 SA  [mysql] 	If you need more help, copy and post this
9:58:01 SA  [mysql] 	entire log window on the forums
10:01:04 SA  [mysql] 	Attempting to start MySQL app...
10:01:04 SA  [mysql] 	Status change detected: running
10:44:25 SA  [mysql] 	Attempting to stop MySQL app...
10:44:25 SA  [mysql] 	Status change detected: stopped
10:44:26 SA  [Apache] 	Attempting to stop Apache (PID: 6716)
10:44:26 SA  [Apache] 	Attempting to stop Apache (PID: 2908)
10:44:27 SA  [Apache] 	Status change detected: stopped
10:44:35 SA  [main] 	Deinitializing Modules
10:44:35 SA  [main] 	Deinitializing Control Panel

3:08:07 CH  [main] 	Initializing Control Panel
3:08:07 CH  [main] 	Windows Version:  Enterprise  64-bit
3:08:07 CH  [main] 	XAMPP Version: 7.1.28
3:08:07 CH  [main] 	Control Panel Version: 3.2.3  [ Compiled: Mar 7th 2019 ]
3:08:07 CH  [main] 	You are not running with administrator rights! This will work for
3:08:07 CH  [main] 	most application stuff but whenever you do something with services
3:08:07 CH  [main] 	there will be a security dialogue or things will break! So think 
3:08:07 CH  [main] 	about running this application with administrator rights!
3:08:07 CH  [main] 	XAMPP Installation Directory: "c:\xampp\xampp\"
3:08:07 CH  [main] 	Checking for prerequisites
3:08:07 CH  [main] 	All prerequisites found
3:08:07 CH  [main] 	Initializing Modules
3:08:07 CH  [main] 	Starting Check-Timer
3:08:07 CH  [main] 	Control Panel Ready
3:08:12 CH  [Apache] 	Attempting to start Apache app...
3:08:12 CH  [Apache] 	Status change detected: running
3:08:15 CH  [mysql] 	Attempting to start MySQL app...
3:08:16 CH  [mysql] 	Status change detected: running
5:17:28 CH  [mysql] 	Attempting to stop MySQL app...
5:17:28 CH  [mysql] 	Status change detected: stopped
5:17:29 CH  [Apache] 	Attempting to stop Apache (PID: 8508)
5:17:29 CH  [Apache] 	Attempting to stop Apache (PID: 13792)
5:17:29 CH  [Apache] 	Status change detected: stopped
5:17:30 CH  [main] 	Deinitializing Modules
5:17:30 CH  [main] 	Deinitializing Control Panel

5:18:19 CH  [main] 	Initializing Control Panel
5:18:19 CH  [main] 	Windows Version:  Enterprise  64-bit
5:18:19 CH  [main] 	XAMPP Version: 7.1.28
5:18:19 CH  [main] 	Control Panel Version: 3.2.3  [ Compiled: Mar 7th 2019 ]
5:18:19 CH  [main] 	You are not running with administrator rights! This will work for
5:18:19 CH  [main] 	most application stuff but whenever you do something with services
5:18:19 CH  [main] 	there will be a security dialogue or things will break! So think 
5:18:19 CH  [main] 	about running this application with administrator rights!
5:18:19 CH  [main] 	XAMPP Installation Directory: "c:\xampp\xampp\"
5:18:19 CH  [main] 	Checking for prerequisites
5:18:19 CH  [main] 	All prerequisites found
5:18:19 CH  [main] 	Initializing Modules
5:18:19 CH  [main] 	Starting Check-Timer
5:18:19 CH  [main] 	Control Panel Ready
5:18:22 CH  [Apache] 	Attempting to start Apache app...
5:18:22 CH  [Apache] 	Status change detected: running
5:18:24 CH  [mysql] 	Attempting to start MySQL app...
5:18:24 CH  [mysql] 	Status change detected: running
5:18:42 CH  [mysql] 	Attempting to stop MySQL app...
5:18:42 CH  [mysql] 	Status change detected: stopped
5:18:43 CH  [Apache] 	Attempting to stop Apache (PID: 12448)
5:18:43 CH  [Apache] 	Attempting to stop Apache (PID: 604)
5:18:43 CH  [Apache] 	Status change detected: stopped
5:18:44 CH  [main] 	Deinitializing Modules
5:18:44 CH  [main] 	Deinitializing Control Panel

1:32:58 CH  [main] 	Initializing Control Panel
1:32:58 CH  [main] 	Windows Version:  Enterprise  64-bit
1:32:58 CH  [main] 	XAMPP Version: 7.1.28
1:32:58 CH  [main] 	Control Panel Version: 3.2.3  [ Compiled: Mar 7th 2019 ]
1:32:58 CH  [main] 	You are not running with administrator rights! This will work for
1:32:58 CH  [main] 	most application stuff but whenever you do something with services
1:32:58 CH  [main] 	there will be a security dialogue or things will break! So think 
1:32:58 CH  [main] 	about running this application with administrator rights!
1:32:58 CH  [main] 	XAMPP Installation Directory: "c:\xampp\xampp\"
1:32:58 CH  [main] 	Checking for prerequisites
1:32:59 CH  [main] 	All prerequisites found
1:32:59 CH  [main] 	Initializing Modules
1:32:59 CH  [mysql] 	Problem detected!
1:32:59 CH  [mysql] 	Port 3306 in use by "Unable to open process"!
1:32:59 CH  [mysql] 	MySQL WILL NOT start without the configured ports free!
1:32:59 CH  [mysql] 	You need to uninstall/disable/reconfigure the blocking application
1:32:59 CH  [mysql] 	or reconfigure MySQL and the Control Panel to listen on a different port
1:32:59 CH  [main] 	Starting Check-Timer
1:32:59 CH  [main] 	Control Panel Ready
1:33:01 CH  [Apache] 	Attempting to start Apache app...
1:33:01 CH  [Apache] 	Status change detected: running
1:33:04 CH  [mysql] 	Problem detected!
1:33:04 CH  [mysql] 	Port 3306 in use by "Unable to open process"!
1:33:04 CH  [mysql] 	MySQL WILL NOT start without the configured ports free!
1:33:04 CH  [mysql] 	You need to uninstall/disable/reconfigure the blocking application
1:33:04 CH  [mysql] 	or reconfigure MySQL and the Control Panel to listen on a different port
1:33:04 CH  [mysql] 	Attempting to start MySQL app...
1:33:05 CH  [mysql] 	Status change detected: running
1:33:08 CH  [mysql] 	Status change detected: stopped
1:33:08 CH  [mysql] 	Error: MySQL shutdown unexpectedly.
1:33:08 CH  [mysql] 	This may be due to a blocked port, missing dependencies, 
1:33:08 CH  [mysql] 	improper privileges, a crash, or a shutdown by another method.
1:33:08 CH  [mysql] 	Press the Logs button to view error logs and check
1:33:08 CH  [mysql] 	the Windows Event Viewer for more clues
1:33:09 CH  [mysql] 	If you need more help, copy and post this
1:33:09 CH  [mysql] 	entire log window on the forums
1:33:23 CH  [mysql] 	Attempting to start MySQL app...
1:33:23 CH  [mysql] 	Status change detected: running
4:16:28 CH  [mysql] 	Attempting to stop MySQL app...
4:16:28 CH  [mysql] 	Status change detected: stopped
4:16:29 CH  [Apache] 	Attempting to stop Apache (PID: 2416)
4:16:29 CH  [Apache] 	Attempting to stop Apache (PID: 13636)
4:16:29 CH  [Apache] 	Status change detected: stopped
4:16:30 CH  [main] 	Deinitializing Modules
4:16:30 CH  [main] 	Deinitializing Control Panel

12:53:04 CH  [main] 	Initializing Control Panel
12:53:04 CH  [main] 	Windows Version:  Enterprise  64-bit
12:53:04 CH  [main] 	XAMPP Version: 7.1.28
12:53:04 CH  [main] 	Control Panel Version: 3.2.3  [ Compiled: Mar 7th 2019 ]
12:53:04 CH  [main] 	You are not running with administrator rights! This will work for
12:53:04 CH  [main] 	most application stuff but whenever you do something with services
12:53:04 CH  [main] 	there will be a security dialogue or things will break! So think 
12:53:04 CH  [main] 	about running this application with administrator rights!
12:53:04 CH  [main] 	XAMPP Installation Directory: "c:\xampp\xampp\"
12:53:04 CH  [main] 	Checking for prerequisites
12:53:05 CH  [main] 	All prerequisites found
12:53:05 CH  [main] 	Initializing Modules
12:53:05 CH  [mysql] 	Problem detected!
12:53:05 CH  [mysql] 	Port 3306 in use by "Unable to open process"!
12:53:05 CH  [mysql] 	MySQL WILL NOT start without the configured ports free!
12:53:05 CH  [mysql] 	You need to uninstall/disable/reconfigure the blocking application
12:53:05 CH  [mysql] 	or reconfigure MySQL and the Control Panel to listen on a different port
12:53:05 CH  [main] 	Starting Check-Timer
12:53:05 CH  [main] 	Control Panel Ready
12:53:07 CH  [Apache] 	Attempting to start Apache app...
12:53:07 CH  [Apache] 	Status change detected: running
12:53:10 CH  [mysql] 	Problem detected!
12:53:10 CH  [mysql] 	Port 3306 in use by "Unable to open process"!
12:53:10 CH  [mysql] 	MySQL WILL NOT start without the configured ports free!
12:53:10 CH  [mysql] 	You need to uninstall/disable/reconfigure the blocking application
12:53:10 CH  [mysql] 	or reconfigure MySQL and the Control Panel to listen on a different port
12:53:10 CH  [mysql] 	Attempting to start MySQL app...
12:53:11 CH  [mysql] 	Status change detected: running
12:53:14 CH  [mysql] 	Status change detected: stopped
12:53:14 CH  [mysql] 	Error: MySQL shutdown unexpectedly.
12:53:14 CH  [mysql] 	This may be due to a blocked port, missing dependencies, 
12:53:14 CH  [mysql] 	improper privileges, a crash, or a shutdown by another method.
12:53:14 CH  [mysql] 	Press the Logs button to view error logs and check
12:53:14 CH  [mysql] 	the Windows Event Viewer for more clues
12:53:14 CH  [mysql] 	If you need more help, copy and post this
12:53:14 CH  [mysql] 	entire log window on the forums
12:53:40 CH  [mysql] 	Attempting to start MySQL app...
12:53:40 CH  [mysql] 	Status change detected: running
6:05:32 CH  [mysql] 	Attempting to stop MySQL app...
6:05:33 CH  [mysql] 	Status change detected: stopped
6:05:33 CH  [Apache] 	Attempting to stop Apache (PID: 12532)
6:05:33 CH  [Apache] 	Attempting to stop Apache (PID: 12052)
6:05:34 CH  [Apache] 	Status change detected: stopped
6:05:35 CH  [main] 	Deinitializing Modules
6:05:35 CH  [main] 	Deinitializing Control Panel

12:39:08 CH  [main] 	Initializing Control Panel
12:39:08 CH  [main] 	Windows Version:  Enterprise  64-bit
12:39:08 CH  [main] 	XAMPP Version: 7.1.28
12:39:08 CH  [main] 	Control Panel Version: 3.2.3  [ Compiled: Mar 7th 2019 ]
12:39:08 CH  [main] 	You are not running with administrator rights! This will work for
12:39:08 CH  [main] 	most application stuff but whenever you do something with services
12:39:08 CH  [main] 	there will be a security dialogue or things will break! So think 
12:39:08 CH  [main] 	about running this application with administrator rights!
12:39:08 CH  [main] 	XAMPP Installation Directory: "c:\xampp\xampp\"
12:39:08 CH  [main] 	Checking for prerequisites
12:39:09 CH  [main] 	All prerequisites found
12:39:09 CH  [main] 	Initializing Modules
12:39:09 CH  [mysql] 	Problem detected!
12:39:09 CH  [mysql] 	Port 3306 in use by "Unable to open process"!
12:39:09 CH  [mysql] 	MySQL WILL NOT start without the configured ports free!
12:39:09 CH  [mysql] 	You need to uninstall/disable/reconfigure the blocking application
12:39:09 CH  [mysql] 	or reconfigure MySQL and the Control Panel to listen on a different port
12:39:10 CH  [main] 	Starting Check-Timer
12:39:10 CH  [main] 	Control Panel Ready
12:39:18 CH  [Apache] 	Attempting to start Apache app...
12:39:18 CH  [Apache] 	Status change detected: running
12:39:19 CH  [mysql] 	Problem detected!
12:39:19 CH  [mysql] 	Port 3306 in use by "Unable to open process"!
12:39:19 CH  [mysql] 	MySQL WILL NOT start without the configured ports free!
12:39:19 CH  [mysql] 	You need to uninstall/disable/reconfigure the blocking application
12:39:19 CH  [mysql] 	or reconfigure MySQL and the Control Panel to listen on a different port
12:39:19 CH  [mysql] 	Attempting to start MySQL app...
12:39:21 CH  [mysql] 	Status change detected: running
12:39:24 CH  [mysql] 	Status change detected: stopped
12:39:24 CH  [mysql] 	Error: MySQL shutdown unexpectedly.
12:39:24 CH  [mysql] 	This may be due to a blocked port, missing dependencies, 
12:39:24 CH  [mysql] 	improper privileges, a crash, or a shutdown by another method.
12:39:24 CH  [mysql] 	Press the Logs button to view error logs and check
12:39:24 CH  [mysql] 	the Windows Event Viewer for more clues
12:39:24 CH  [mysql] 	If you need more help, copy and post this
12:39:24 CH  [mysql] 	entire log window on the forums
12:39:51 CH  [mysql] 	Attempting to start MySQL app...
12:39:51 CH  [mysql] 	Status change detected: running
1:51:41 CH  [mysql] 	Attempting to stop MySQL app...
1:51:42 CH  [mysql] 	Status change detected: stopped
1:51:43 CH  [Apache] 	Attempting to stop Apache (PID: 14024)
1:51:43 CH  [Apache] 	Attempting to stop Apache (PID: 12956)
1:51:43 CH  [Apache] 	Status change detected: stopped
1:51:45 CH  [main] 	Deinitializing Modules
1:51:45 CH  [main] 	Deinitializing Control Panel

10:57:22 SA  [main] 	Initializing Control Panel
10:57:22 SA  [main] 	Windows Version:  Enterprise  64-bit
10:57:22 SA  [main] 	XAMPP Version: 7.1.28
10:57:22 SA  [main] 	Control Panel Version: 3.2.3  [ Compiled: Mar 7th 2019 ]
10:57:22 SA  [main] 	You are not running with administrator rights! This will work for
10:57:22 SA  [main] 	most application stuff but whenever you do something with services
10:57:22 SA  [main] 	there will be a security dialogue or things will break! So think 
10:57:22 SA  [main] 	about running this application with administrator rights!
10:57:22 SA  [main] 	XAMPP Installation Directory: "c:\xampp\xampp\"
10:57:22 SA  [main] 	Checking for prerequisites
10:57:24 SA  [main] 	All prerequisites found
10:57:24 SA  [main] 	Initializing Modules
10:57:24 SA  [mysql] 	Problem detected!
10:57:24 SA  [mysql] 	Port 3306 in use by "Unable to open process"!
10:57:24 SA  [mysql] 	MySQL WILL NOT start without the configured ports free!
10:57:24 SA  [mysql] 	You need to uninstall/disable/reconfigure the blocking application
10:57:24 SA  [mysql] 	or reconfigure MySQL and the Control Panel to listen on a different port
10:57:24 SA  [main] 	Starting Check-Timer
10:57:24 SA  [main] 	Control Panel Ready
10:57:27 SA  [Apache] 	Attempting to start Apache app...
10:57:27 SA  [Apache] 	Status change detected: running
10:57:32 SA  [mysql] 	Problem detected!
10:57:32 SA  [mysql] 	Port 3306 in use by "Unable to open process"!
10:57:32 SA  [mysql] 	MySQL WILL NOT start without the configured ports free!
10:57:32 SA  [mysql] 	You need to uninstall/disable/reconfigure the blocking application
10:57:32 SA  [mysql] 	or reconfigure MySQL and the Control Panel to listen on a different port
10:57:32 SA  [mysql] 	Attempting to start MySQL app...
10:57:33 SA  [mysql] 	Status change detected: running
10:57:36 SA  [mysql] 	Status change detected: stopped
10:57:36 SA  [mysql] 	Error: MySQL shutdown unexpectedly.
10:57:36 SA  [mysql] 	This may be due to a blocked port, missing dependencies, 
10:57:36 SA  [mysql] 	improper privileges, a crash, or a shutdown by another method.
10:57:36 SA  [mysql] 	Press the Logs button to view error logs and check
10:57:36 SA  [mysql] 	the Windows Event Viewer for more clues
10:57:36 SA  [mysql] 	If you need more help, copy and post this
10:57:36 SA  [mysql] 	entire log window on the forums
10:57:49 SA  [mysql] 	Problem detected!
10:57:49 SA  [mysql] 	Port 3306 in use by "Unable to open process"!
10:57:49 SA  [mysql] 	MySQL WILL NOT start without the configured ports free!
10:57:49 SA  [mysql] 	You need to uninstall/disable/reconfigure the blocking application
10:57:49 SA  [mysql] 	or reconfigure MySQL and the Control Panel to listen on a different port
10:57:49 SA  [mysql] 	Attempting to start MySQL app...
10:57:49 SA  [mysql] 	Status change detected: running
10:57:52 SA  [mysql] 	Status change detected: stopped
10:57:52 SA  [mysql] 	Error: MySQL shutdown unexpectedly.
10:57:52 SA  [mysql] 	This may be due to a blocked port, missing dependencies, 
10:57:52 SA  [mysql] 	improper privileges, a crash, or a shutdown by another method.
10:57:52 SA  [mysql] 	Press the Logs button to view error logs and check
10:57:52 SA  [mysql] 	the Windows Event Viewer for more clues
10:57:52 SA  [mysql] 	If you need more help, copy and post this
10:57:52 SA  [mysql] 	entire log window on the forums
10:59:18 SA  [mysql] 	Problem detected!
10:59:18 SA  [mysql] 	Port 3306 in use by "Unable to open process"!
10:59:18 SA  [mysql] 	MySQL WILL NOT start without the configured ports free!
10:59:18 SA  [mysql] 	You need to uninstall/disable/reconfigure the blocking application
10:59:18 SA  [mysql] 	or reconfigure MySQL and the Control Panel to listen on a different port
10:59:18 SA  [mysql] 	Attempting to start MySQL app...
10:59:18 SA  [mysql] 	Status change detected: running
10:59:21 SA  [mysql] 	Status change detected: stopped
10:59:21 SA  [mysql] 	Error: MySQL shutdown unexpectedly.
10:59:21 SA  [mysql] 	This may be due to a blocked port, missing dependencies, 
10:59:21 SA  [mysql] 	improper privileges, a crash, or a shutdown by another method.
10:59:21 SA  [mysql] 	Press the Logs button to view error logs and check
10:59:21 SA  [mysql] 	the Windows Event Viewer for more clues
10:59:21 SA  [mysql] 	If you need more help, copy and post this
10:59:21 SA  [mysql] 	entire log window on the forums
10:59:36 SA  [mysql] 	Attempting to start MySQL app...
10:59:36 SA  [mysql] 	Status change detected: running
11:10:09 SA  [Apache] 	Attempting to stop Apache (PID: 8956)
11:10:09 SA  [Apache] 	Attempting to stop Apache (PID: 8560)
11:10:09 SA  [Apache] 	Status change detected: stopped
11:10:11 SA  [mysql] 	Attempting to stop MySQL app...
11:10:11 SA  [mysql] 	Status change detected: stopped
11:10:12 SA  [main] 	Deinitializing Modules
11:10:12 SA  [main] 	Deinitializing Control Panel

1:10:58 CH  [main] 	Initializing Control Panel
1:10:58 CH  [main] 	Windows Version:  Enterprise  64-bit
1:10:58 CH  [main] 	XAMPP Version: 7.1.28
1:10:58 CH  [main] 	Control Panel Version: 3.2.3  [ Compiled: Mar 7th 2019 ]
1:10:58 CH  [main] 	You are not running with administrator rights! This will work for
1:10:58 CH  [main] 	most application stuff but whenever you do something with services
1:10:58 CH  [main] 	there will be a security dialogue or things will break! So think 
1:10:58 CH  [main] 	about running this application with administrator rights!
1:10:58 CH  [main] 	XAMPP Installation Directory: "c:\xampp\xampp\"
1:10:58 CH  [main] 	Checking for prerequisites
1:10:59 CH  [main] 	All prerequisites found
1:10:59 CH  [main] 	Initializing Modules
1:10:59 CH  [main] 	Starting Check-Timer
1:10:59 CH  [main] 	Control Panel Ready
1:11:01 CH  [Apache] 	Attempting to start Apache app...
1:11:01 CH  [Apache] 	Status change detected: running
1:11:04 CH  [mysql] 	Attempting to start MySQL app...
1:11:04 CH  [mysql] 	Status change detected: running
3:28:51 CH  [main] 	Deinitializing Modules
3:28:51 CH  [main] 	Deinitializing Control Panel

1:42:48 CH  [main] 	Initializing Control Panel
1:42:48 CH  [main] 	Windows Version:  Enterprise  64-bit
1:42:48 CH  [main] 	XAMPP Version: 7.1.28
1:42:48 CH  [main] 	Control Panel Version: 3.2.3  [ Compiled: Mar 7th 2019 ]
1:42:48 CH  [main] 	You are not running with administrator rights! This will work for
1:42:48 CH  [main] 	most application stuff but whenever you do something with services
1:42:48 CH  [main] 	there will be a security dialogue or things will break! So think 
1:42:48 CH  [main] 	about running this application with administrator rights!
1:42:48 CH  [main] 	XAMPP Installation Directory: "c:\xampp\xampp\"
1:42:48 CH  [main] 	Checking for prerequisites
1:42:48 CH  [main] 	All prerequisites found
1:42:48 CH  [main] 	Initializing Modules
1:42:48 CH  [mysql] 	Problem detected!
1:42:48 CH  [mysql] 	Port 3306 in use by "Unable to open process"!
1:42:48 CH  [mysql] 	MySQL WILL NOT start without the configured ports free!
1:42:48 CH  [mysql] 	You need to uninstall/disable/reconfigure the blocking application
1:42:48 CH  [mysql] 	or reconfigure MySQL and the Control Panel to listen on a different port
1:42:48 CH  [main] 	Starting Check-Timer
1:42:48 CH  [main] 	Control Panel Ready
1:42:54 CH  [Apache] 	Attempting to start Apache app...
1:42:54 CH  [Apache] 	Status change detected: running
1:42:56 CH  [mysql] 	Problem detected!
1:42:56 CH  [mysql] 	Port 3306 in use by "Unable to open process"!
1:42:56 CH  [mysql] 	MySQL WILL NOT start without the configured ports free!
1:42:56 CH  [mysql] 	You need to uninstall/disable/reconfigure the blocking application
1:42:56 CH  [mysql] 	or reconfigure MySQL and the Control Panel to listen on a different port
1:42:56 CH  [mysql] 	Attempting to start MySQL app...
1:42:56 CH  [mysql] 	Status change detected: running
1:42:59 CH  [mysql] 	Status change detected: stopped
1:42:59 CH  [mysql] 	Error: MySQL shutdown unexpectedly.
1:42:59 CH  [mysql] 	This may be due to a blocked port, missing dependencies, 
1:42:59 CH  [mysql] 	improper privileges, a crash, or a shutdown by another method.
1:42:59 CH  [mysql] 	Press the Logs button to view error logs and check
1:42:59 CH  [mysql] 	the Windows Event Viewer for more clues
1:42:59 CH  [mysql] 	If you need more help, copy and post this
1:42:59 CH  [mysql] 	entire log window on the forums
1:43:01 CH  [mysql] 	Problem detected!
1:43:01 CH  [mysql] 	Port 3306 in use by "Unable to open process"!
1:43:01 CH  [mysql] 	MySQL WILL NOT start without the configured ports free!
1:43:01 CH  [mysql] 	You need to uninstall/disable/reconfigure the blocking application
1:43:01 CH  [mysql] 	or reconfigure MySQL and the Control Panel to listen on a different port
1:43:01 CH  [mysql] 	Attempting to start MySQL app...
1:43:01 CH  [mysql] 	Status change detected: running
1:43:04 CH  [mysql] 	Status change detected: stopped
1:43:04 CH  [mysql] 	Error: MySQL shutdown unexpectedly.
1:43:04 CH  [mysql] 	This may be due to a blocked port, missing dependencies, 
1:43:04 CH  [mysql] 	improper privileges, a crash, or a shutdown by another method.
1:43:04 CH  [mysql] 	Press the Logs button to view error logs and check
1:43:04 CH  [mysql] 	the Windows Event Viewer for more clues
1:43:04 CH  [mysql] 	If you need more help, copy and post this
1:43:04 CH  [mysql] 	entire log window on the forums
1:43:26 CH  [mysql] 	Attempting to start MySQL app...
1:43:26 CH  [mysql] 	Status change detected: running
4:46:04 CH  [Apache] 	Attempting to stop Apache (PID: 10800)
4:46:04 CH  [Apache] 	Attempting to stop Apache (PID: 3472)
4:46:05 CH  [Apache] 	Status change detected: stopped
4:46:05 CH  [mysql] 	Attempting to stop MySQL app...
4:46:06 CH  [mysql] 	Status change detected: stopped
4:46:11 CH  [main] 	Deinitializing Modules
4:46:11 CH  [main] 	Deinitializing Control Panel

1:25:47 CH  [main] 	Initializing Control Panel
1:25:47 CH  [main] 	Windows Version:  Enterprise  64-bit
1:25:47 CH  [main] 	XAMPP Version: 7.1.28
1:25:47 CH  [main] 	Control Panel Version: 3.2.3  [ Compiled: Mar 7th 2019 ]
1:25:47 CH  [main] 	You are not running with administrator rights! This will work for
1:25:47 CH  [main] 	most application stuff but whenever you do something with services
1:25:47 CH  [main] 	there will be a security dialogue or things will break! So think 
1:25:47 CH  [main] 	about running this application with administrator rights!
1:25:47 CH  [main] 	XAMPP Installation Directory: "c:\xampp\xampp\"
1:25:47 CH  [main] 	Checking for prerequisites
1:25:49 CH  [main] 	All prerequisites found
1:25:49 CH  [main] 	Initializing Modules
1:25:49 CH  [main] 	Starting Check-Timer
1:25:49 CH  [main] 	Control Panel Ready
1:25:56 CH  [Apache] 	Attempting to start Apache app...
1:25:56 CH  [Apache] 	Status change detected: running
1:26:00 CH  [mysql] 	Attempting to start MySQL app...
1:26:00 CH  [mysql] 	Status change detected: running
4:51:59 CH  [Apache] 	Attempting to stop Apache (PID: 14052)
4:51:59 CH  [Apache] 	Attempting to stop Apache (PID: 10400)
4:51:59 CH  [Apache] 	Status change detected: stopped
4:52:00 CH  [mysql] 	Attempting to stop MySQL app...
4:52:00 CH  [mysql] 	Status change detected: stopped
4:52:05 CH  [main] 	Deinitializing Modules
4:52:05 CH  [main] 	Deinitializing Control Panel

1:11:30 CH  [main] 	Initializing Control Panel
1:11:30 CH  [main] 	Windows Version:  Enterprise  64-bit
1:11:30 CH  [main] 	XAMPP Version: 7.1.28
1:11:30 CH  [main] 	Control Panel Version: 3.2.3  [ Compiled: Mar 7th 2019 ]
1:11:30 CH  [main] 	You are not running with administrator rights! This will work for
1:11:30 CH  [main] 	most application stuff but whenever you do something with services
1:11:30 CH  [main] 	there will be a security dialogue or things will break! So think 
1:11:30 CH  [main] 	about running this application with administrator rights!
1:11:30 CH  [main] 	XAMPP Installation Directory: "c:\xampp\xampp\"
1:11:30 CH  [main] 	Checking for prerequisites
1:11:31 CH  [main] 	All prerequisites found
1:11:31 CH  [main] 	Initializing Modules
1:11:31 CH  [main] 	Starting Check-Timer
1:11:31 CH  [main] 	Control Panel Ready
1:16:52 CH  [Apache] 	Attempting to start Apache app...
1:16:52 CH  [Apache] 	Status change detected: running
1:16:55 CH  [mysql] 	Attempting to start MySQL app...
1:16:55 CH  [mysql] 	Status change detected: running
4:33:07 CH  [Apache] 	Attempting to stop Apache (PID: 5844)
4:33:07 CH  [Apache] 	Attempting to stop Apache (PID: 8200)
4:33:07 CH  [Apache] 	Status change detected: stopped
4:33:23 CH  [Apache] 	Attempting to start Apache app...
4:33:24 CH  [Apache] 	Status change detected: running
4:34:01 CH  [Apache] 	Attempting to stop Apache (PID: 12292)
4:34:01 CH  [Apache] 	Attempting to stop Apache (PID: 1548)
4:34:01 CH  [Apache] 	Status change detected: stopped
4:34:02 CH  [mysql] 	Attempting to stop MySQL app...
4:34:03 CH  [mysql] 	Status change detected: stopped
4:38:56 CH  [main] 	Deinitializing Modules
4:38:56 CH  [main] 	Deinitializing Control Panel

